<?xml version="1.0" encoding="UTF-8"?>
<!-- Generated by org.testng.reporters.JUnitReportReporter -->
<testsuite skipped="3" hostname="DESKTOP-9D4C8ON" name="com.training.sanity.tests.MemberProfileTest" tests="5" failures="0" timestamp="13 Jan 2019 18:46:51 GMT" time="47.122" errors="0">
  <testcase name="MemberData_SearchCriteria" time="24.023" classname="com.training.sanity.tests.MemberProfileTest"/>
  <testcase name="GrantLoanToMember_Admin" time="23.099" classname="com.training.sanity.tests.MemberProfileTest"/>
  <testcase name="ViewTrxDetails" classname="com.training.sanity.tests.MemberProfileTest">
    <skipped/>
  </testcase> <!-- ViewTrxDetails -->
  <testcase name="ViewLoanforMember_Admin" classname="com.training.sanity.tests.MemberProfileTest">
    <skipped/>
  </testcase> <!-- ViewLoanforMember_Admin -->
  <testcase name="MemberPayment_Admin" classname="com.training.sanity.tests.MemberProfileTest">
    <skipped/>
  </testcase> <!-- MemberPayment_Admin -->
</testsuite> <!-- com.training.sanity.tests.MemberProfileTest -->
